#
# There is insufficient memory for the Java Runtime Environment to continue.
# Native memory allocation (mmap) failed to map 357892096 bytes for committing reserved memory.
# Possible reasons:
#   The system is out of physical RAM or swap space
#   In 32 bit mode, the process size limit was hit
# Possible solutions:
#   Reduce memory load on the system
#   Increase physical memory or swap space
#   Check if swap backing store is full
#   Use 64 bit Java on a 64 bit OS
#   Decrease Java heap size (-Xmx/-Xms)
#   Decrease number of Java threads
#   Decrease Java thread stack sizes (-Xss)
#   Set larger code cache with -XX:ReservedCodeCacheSize=
# This output file may be truncated or incomplete.
#
#  Out of Memory Error (os_linux.cpp:2716), pid=7715, tid=139853854889728
#
# JRE version:  (8.0_11-b12) (build )
# Java VM: Java HotSpot(TM) 64-Bit Server VM (25.11-b03 mixed mode linux-amd64 compressed oops)
# Failed to write core dump. Core dumps have been disabled. To enable core dumping, try "ulimit -c unlimited" before starting Java again
#

---------------  T H R E A D  ---------------

Current thread (0x00007f323c009800):  JavaThread "Unknown thread" [_thread_in_vm, id=7716, stack(0x00007f3243475000,0x00007f3243576000)]

Stack: [0x00007f3243475000,0x00007f3243576000],  sp=0x00007f3243574470,  free space=1021k
Native frames: (J=compiled Java code, j=interpreted, Vv=VM code, C=native code)
V  [libjvm.so+0xa2f59a]  VMError::report_and_die()+0x2ca
V  [libjvm.so+0x4b2e4b]  report_vm_out_of_memory(char const*, int, unsigned long, VMErrorType, char const*)+0x8b
V  [libjvm.so+0x89e3b3]  os::Linux::commit_memory_impl(char*, unsigned long, bool)+0x103
V  [libjvm.so+0x89e909]  os::pd_commit_memory(char*, unsigned long, unsigned long, bool)+0x29
V  [libjvm.so+0x8985ba]  os::commit_memory(char*, unsigned long, unsigned long, bool)+0x2a
V  [libjvm.so+0xa2b519]  VirtualSpace::expand_by(unsigned long, bool)+0x1c9
V  [libjvm.so+0xa2c0ae]  VirtualSpace::initialize(ReservedSpace, unsigned long)+0xee
V  [libjvm.so+0x59716d]  Generation::Generation(ReservedSpace, unsigned long, int)+0xbd
V  [libjvm.so+0x4b7db6]  DefNewGeneration::DefNewGeneration(ReservedSpace, unsigned long, int, char const*)+0x46
V  [libjvm.so+0x598877]  GenerationSpec::init(ReservedSpace, int, GenRemSet*)+0x277
V  [libjvm.so+0x5874be]  GenCollectedHeap::initialize()+0x1ee
V  [libjvm.so+0x9fd733]  Universe::initialize_heap()+0xe3
V  [libjvm.so+0x9fdb74]  universe_init()+0x64
V  [libjvm.so+0x5d46d5]  init_globals()+0x65
V  [libjvm.so+0x9e445d]  Threads::create_vm(JavaVMInitArgs*, bool*)+0x24d
V  [libjvm.so+0x665b04]  JNI_CreateJavaVM+0x74
C  [libjli.so+0x703e]  JavaMain+0x9e


---------------  P R O C E S S  ---------------

Java Threads: ( => current thread )

Other Threads:

=>0x00007f323c009800 (exited) JavaThread "Unknown thread" [_thread_in_vm, id=7716, stack(0x00007f3243475000,0x00007f3243576000)]

VM state:not at safepoint (not fully initialized)

VM Mutex/Monitor currently owned by a thread: None

GC Heap History (0 events):
No events

Deoptimization events (0 events):
No events

Internal exceptions (0 events):
No events

Events (0 events):
No events


Dynamic libraries:
00400000-00401000 r-xp 00000000 08:01 265253                             /usr/lib/jvm/java-8-oracle/jre/bin/java
00600000-00601000 rw-p 00000000 08:01 265253                             /usr/lib/jvm/java-8-oracle/jre/bin/java
0140c000-0142d000 rw-p 00000000 00:00 0                                  [heap]
d5550000-100000000 ---p 00000000 00:00 0 
7f3234000000-7f3234270000 rwxp 00000000 00:00 0 
7f3234270000-7f323c000000 ---p 00000000 00:00 0 
7f323c000000-7f323c024000 rw-p 00000000 00:00 0 
7f323c024000-7f3240000000 ---p 00000000 00:00 0 
7f324011b000-7f324029c000 rw-p 00000000 00:00 0 
7f324029c000-7f324049c000 ---p 00000000 00:00 0 
7f324049c000-7f32404a7000 rw-p 00000000 00:00 0 
7f32404a7000-7f324069d000 ---p 00000000 00:00 0 
7f324069d000-7f32406b9000 r-xp 00000000 08:01 265531                     /usr/lib/jvm/java-8-oracle/jre/lib/amd64/libzip.so
7f32406b9000-7f32408b8000 ---p 0001c000 08:01 265531                     /usr/lib/jvm/java-8-oracle/jre/lib/amd64/libzip.so
7f32408b8000-7f32408b9000 rw-p 0001b000 08:01 265531                     /usr/lib/jvm/java-8-oracle/jre/lib/amd64/libzip.so
7f32408b9000-7f32408c4000 r-xp 00000000 08:01 2743                       /lib/x86_64-linux-gnu/libnss_files-2.19.so
7f32408c4000-7f3240ac3000 ---p 0000b000 08:01 2743                       /lib/x86_64-linux-gnu/libnss_files-2.19.so
7f3240ac3000-7f3240ac4000 r--p 0000a000 08:01 2743                       /lib/x86_64-linux-gnu/libnss_files-2.19.so
7f3240ac4000-7f3240ac5000 rw-p 0000b000 08:01 2743                       /lib/x86_64-linux-gnu/libnss_files-2.19.so
7f3240ac5000-7f3240ad0000 r-xp 00000000 08:01 2878                       /lib/x86_64-linux-gnu/libnss_nis-2.19.so
7f3240ad0000-7f3240ccf000 ---p 0000b000 08:01 2878                       /lib/x86_64-linux-gnu/libnss_nis-2.19.so
7f3240ccf000-7f3240cd0000 r--p 0000a000 08:01 2878                       /lib/x86_64-linux-gnu/libnss_nis-2.19.so
7f3240cd0000-7f3240cd1000 rw-p 0000b000 08:01 2878                       /lib/x86_64-linux-gnu/libnss_nis-2.19.so
7f3240cd1000-7f3240ce8000 r-xp 00000000 08:01 2752                       /lib/x86_64-linux-gnu/libnsl-2.19.so
7f3240ce8000-7f3240ee7000 ---p 00017000 08:01 2752                       /lib/x86_64-linux-gnu/libnsl-2.19.so
7f3240ee7000-7f3240ee8000 r--p 00016000 08:01 2752                       /lib/x86_64-linux-gnu/libnsl-2.19.so
7f3240ee8000-7f3240ee9000 rw-p 00017000 08:01 2752                       /lib/x86_64-linux-gnu/libnsl-2.19.so
7f3240ee9000-7f3240eeb000 rw-p 00000000 00:00 0 
7f3240eeb000-7f3240ef4000 r-xp 00000000 08:01 2847                       /lib/x86_64-linux-gnu/libnss_compat-2.19.so
7f3240ef4000-7f32410f3000 ---p 00009000 08:01 2847                       /lib/x86_64-linux-gnu/libnss_compat-2.19.so
7f32410f3000-7f32410f4000 r--p 00008000 08:01 2847                       /lib/x86_64-linux-gnu/libnss_compat-2.19.so
7f32410f4000-7f32410f5000 rw-p 00009000 08:01 2847                       /lib/x86_64-linux-gnu/libnss_compat-2.19.so
7f32410f5000-7f324111f000 r-xp 00000000 08:01 265551                     /usr/lib/jvm/java-8-oracle/jre/lib/amd64/libjava.so
7f324111f000-7f324131f000 ---p 0002a000 08:01 265551                     /usr/lib/jvm/java-8-oracle/jre/lib/amd64/libjava.so
7f324131f000-7f3241321000 rw-p 0002a000 08:01 265551                     /usr/lib/jvm/java-8-oracle/jre/lib/amd64/libjava.so
7f3241321000-7f324132e000 r-xp 00000000 08:01 265550                     /usr/lib/jvm/java-8-oracle/jre/lib/amd64/libverify.so
7f324132e000-7f324152e000 ---p 0000d000 08:01 265550                     /usr/lib/jvm/java-8-oracle/jre/lib/amd64/libverify.so
7f324152e000-7f3241530000 rw-p 0000d000 08:01 265550                     /usr/lib/jvm/java-8-oracle/jre/lib/amd64/libverify.so
7f3241530000-7f3241537000 r-xp 00000000 08:01 2868                       /lib/x86_64-linux-gnu/librt-2.19.so
7f3241537000-7f3241736000 ---p 00007000 08:01 2868                       /lib/x86_64-linux-gnu/librt-2.19.so
7f3241736000-7f3241737000 r--p 00006000 08:01 2868                       /lib/x86_64-linux-gnu/librt-2.19.so
7f3241737000-7f3241738000 rw-p 00007000 08:01 2868                       /lib/x86_64-linux-gnu/librt-2.19.so
7f3241738000-7f324183d000 r-xp 00000000 08:01 2851                       /lib/x86_64-linux-gnu/libm-2.19.so
7f324183d000-7f3241a3c000 ---p 00105000 08:01 2851                       /lib/x86_64-linux-gnu/libm-2.19.so
7f3241a3c000-7f3241a3d000 r--p 00104000 08:01 2851                       /lib/x86_64-linux-gnu/libm-2.19.so
7f3241a3d000-7f3241a3e000 rw-p 00105000 08:01 2851                       /lib/x86_64-linux-gnu/libm-2.19.so
7f3241a3e000-7f3242658000 r-xp 00000000 08:01 265562                     /usr/lib/jvm/java-8-oracle/jre/lib/amd64/server/libjvm.so
7f3242658000-7f3242858000 ---p 00c1a000 08:01 265562                     /usr/lib/jvm/java-8-oracle/jre/lib/amd64/server/libjvm.so
7f3242858000-7f3242921000 rw-p 00c1a000 08:01 265562                     /usr/lib/jvm/java-8-oracle/jre/lib/amd64/server/libjvm.so
7f3242921000-7f3242962000 rw-p 00000000 00:00 0 
7f3242962000-7f3242b1e000 r-xp 00000000 08:01 2820                       /lib/x86_64-linux-gnu/libc-2.19.so
7f3242b1e000-7f3242d1d000 ---p 001bc000 08:01 2820                       /lib/x86_64-linux-gnu/libc-2.19.so
7f3242d1d000-7f3242d21000 r--p 001bb000 08:01 2820                       /lib/x86_64-linux-gnu/libc-2.19.so
7f3242d21000-7f3242d23000 rw-p 001bf000 08:01 2820                       /lib/x86_64-linux-gnu/libc-2.19.so
7f3242d23000-7f3242d28000 rw-p 00000000 00:00 0 
7f3242d28000-7f3242d2b000 r-xp 00000000 08:01 2740                       /lib/x86_64-linux-gnu/libdl-2.19.so
7f3242d2b000-7f3242f2a000 ---p 00003000 08:01 2740                       /lib/x86_64-linux-gnu/libdl-2.19.so
7f3242f2a000-7f3242f2b000 r--p 00002000 08:01 2740                       /lib/x86_64-linux-gnu/libdl-2.19.so
7f3242f2b000-7f3242f2c000 rw-p 00003000 08:01 2740                       /lib/x86_64-linux-gnu/libdl-2.19.so
7f3242f2c000-7f3242f43000 r-xp 00000000 08:01 265566                     /usr/lib/jvm/java-8-oracle/jre/lib/amd64/jli/libjli.so
7f3242f43000-7f3243142000 ---p 00017000 08:01 265566                     /usr/lib/jvm/java-8-oracle/jre/lib/amd64/jli/libjli.so
7f3243142000-7f3243143000 rw-p 00016000 08:01 265566                     /usr/lib/jvm/java-8-oracle/jre/lib/amd64/jli/libjli.so
7f3243143000-7f324315c000 r-xp 00000000 08:01 2794                       /lib/x86_64-linux-gnu/libpthread-2.19.so
7f324315c000-7f324335b000 ---p 00019000 08:01 2794                       /lib/x86_64-linux-gnu/libpthread-2.19.so
7f324335b000-7f324335c000 r--p 00018000 08:01 2794                       /lib/x86_64-linux-gnu/libpthread-2.19.so
7f324335c000-7f324335d000 rw-p 00019000 08:01 2794                       /lib/x86_64-linux-gnu/libpthread-2.19.so
7f324335d000-7f3243361000 rw-p 00000000 00:00 0 
7f3243361000-7f3243384000 r-xp 00000000 08:01 2856                       /lib/x86_64-linux-gnu/ld-2.19.so
7f3243386000-7f324346d000 rw-p 00000000 00:00 0 
7f324346d000-7f3243475000 rw-s 00000000 08:01 140957                     /tmp/hsperfdata_vagrant/7715
7f3243475000-7f3243478000 ---p 00000000 00:00 0 
7f3243478000-7f324357a000 rw-p 00000000 00:00 0                          [stack:7716]
7f324357d000-7f3243580000 rw-p 00000000 00:00 0 
7f3243580000-7f3243581000 r--p 00000000 00:00 0 
7f3243581000-7f3243583000 rw-p 00000000 00:00 0 
7f3243583000-7f3243584000 r--p 00022000 08:01 2856                       /lib/x86_64-linux-gnu/ld-2.19.so
7f3243584000-7f3243585000 rw-p 00023000 08:01 2856                       /lib/x86_64-linux-gnu/ld-2.19.so
7f3243585000-7f3243586000 rw-p 00000000 00:00 0 
7fff957f8000-7fff95819000 rw-p 00000000 00:00 0                          [stack]
7fff95855000-7fff95857000 r-xp 00000000 00:00 0                          [vdso]
ffffffffff600000-ffffffffff601000 r-xp 00000000 00:00 0                  [vsyscall]

VM Arguments:
jvm_args: -Xms1024m -Xmx1024m -XX:ReservedCodeCacheSize=128m 
java_command: /home/vagrant/bin/bin/sbt-launch.jar
java_class_path (initial): /home/vagrant/bin/bin/sbt-launch.jar
Launcher Type: SUN_STANDARD

Environment Variables:
PATH=/home/vagrant/bin/bin:/usr/local/Cellar/git/2.0.0/bin:codebase/scala:/usr/local/Cellar/coreutils/8.22/libexec/gnubin:/Users/wuhx/bin:/Users/wuhx/vhome/codebase/activator-1.2.2:/usr/local/Cellar/coreutils/8.22/libexec/gnubin:/Users/wuhx/bin:/Library/Frameworks/Python.framework/Versions/3.4/bin:/usr/bin:/bin:/usr/sbin:/sbin:/usr/local/bin:/opt/X11/bin
SHELL=/bin/zsh

Signal Handlers:
SIGSEGV: [libjvm.so+0xa2fde0], sa_mask[0]=0x7ffbfeff, sa_flags=0x10000004
SIGBUS: [libjvm.so+0xa2fde0], sa_mask[0]=0x7ffbfeff, sa_flags=0x10000004
SIGFPE: [libjvm.so+0x89b420], sa_mask[0]=0x7ffbfeff, sa_flags=0x10000004
SIGPIPE: [libjvm.so+0x89b420], sa_mask[0]=0x7ffbfeff, sa_flags=0x10000004
SIGXFSZ: [libjvm.so+0x89b420], sa_mask[0]=0x7ffbfeff, sa_flags=0x10000004
SIGILL: [libjvm.so+0x89b420], sa_mask[0]=0x7ffbfeff, sa_flags=0x10000004
SIGUSR1: SIG_DFL, sa_mask[0]=0x00000000, sa_flags=0x00000000
SIGUSR2: [libjvm.so+0x89cbc0], sa_mask[0]=0x00000000, sa_flags=0x10000004
SIGHUP: SIG_DFL, sa_mask[0]=0x00000000, sa_flags=0x00000000
SIGINT: SIG_DFL, sa_mask[0]=0x00000000, sa_flags=0x00000000
SIGTERM: SIG_DFL, sa_mask[0]=0x00000000, sa_flags=0x00000000
SIGQUIT: SIG_DFL, sa_mask[0]=0x00000000, sa_flags=0x00000000


---------------  S Y S T E M  ---------------

OS:DISTRIB_ID=Ubuntu
DISTRIB_RELEASE=14.04
DISTRIB_CODENAME=trusty
DISTRIB_DESCRIPTION="Ubuntu 14.04 LTS"

uname:Linux 3.13.0-27-generic #50-Ubuntu SMP Thu May 15 18:06:16 UTC 2014 x86_64
libc:glibc 2.19 NPTL 2.19 
rlimit: STACK 8192k, CORE 0k, NPROC 3842, NOFILE 4096, AS infinity
load average:0.02 0.06 0.05

/proc/meminfo:
MemTotal:         501804 kB
MemFree:            8876 kB
Buffers:           14464 kB
Cached:           310400 kB
SwapCached:            0 kB
Active:           394248 kB
Inactive:          56108 kB
Active(anon):     125640 kB
Inactive(anon):      564 kB
Active(file):     268608 kB
Inactive(file):    55544 kB
Unevictable:           0 kB
Mlocked:               0 kB
SwapTotal:             0 kB
SwapFree:              0 kB
Dirty:              1452 kB
Writeback:             0 kB
AnonPages:        125556 kB
Mapped:            40876 kB
Shmem:               648 kB
Slab:              30276 kB
SReclaimable:      22528 kB
SUnreclaim:         7748 kB
KernelStack:         776 kB
PageTables:         3364 kB
NFS_Unstable:          0 kB
Bounce:                0 kB
WritebackTmp:          0 kB
CommitLimit:      250900 kB
Committed_AS:     210500 kB
VmallocTotal:   34359738367 kB
VmallocUsed:       17704 kB
VmallocChunk:   34359717367 kB
HardwareCorrupted:     0 kB
AnonHugePages:         0 kB
HugePages_Total:       0
HugePages_Free:        0
HugePages_Rsvd:        0
HugePages_Surp:        0
Hugepagesize:       2048 kB
DirectMap4k:       34752 kB
DirectMap2M:      489472 kB


CPU:total 1 (1 cores per cpu, 1 threads per core) family 6 model 37 stepping 5, cmov, cx8, fxsr, mmx, sse, sse2, sse3, ssse3, tsc

/proc/cpuinfo:
processor	: 0
vendor_id	: GenuineIntel
cpu family	: 6
model		: 37
model name	: Intel(R) Core(TM) i3 CPU         550  @ 3.20GHz
stepping	: 5
microcode	: 0x616
cpu MHz		: 3140.499
cache size	: 6144 KB
physical id	: 0
siblings	: 1
core id		: 0
cpu cores	: 1
apicid		: 0
initial apicid	: 0
fpu		: yes
fpu_exception	: yes
cpuid level	: 5
wp		: yes
flags		: fpu vme de pse tsc msr pae mce cx8 apic sep mtrr pge mca cmov pat pse36 clflush mmx fxsr sse sse2 syscall nx rdtscp lm constant_tsc rep_good nopl pni monitor ssse3 lahf_lm
bogomips	: 6280.99
clflush size	: 64
cache_alignment	: 64
address sizes	: 36 bits physical, 48 bits virtual
power management:



Memory: 4k page, physical 501804k(8844k free), swap 0k(0k free)

vm_info: Java HotSpot(TM) 64-Bit Server VM (25.11-b03) for linux-amd64 JRE (1.8.0_11-b12), built on Jun 16 2014 17:29:59 by "java_re" with gcc 4.3.0 20080428 (Red Hat 4.3.0-8)

time: Fri Aug  8 14:46:46 2014
elapsed time: 0 seconds

