#
# There is insufficient memory for the Java Runtime Environment to continue.
# Native memory allocation (mmap) failed to map 357892096 bytes for committing reserved memory.
# Possible reasons:
#   The system is out of physical RAM or swap space
#   In 32 bit mode, the process size limit was hit
# Possible solutions:
#   Reduce memory load on the system
#   Increase physical memory or swap space
#   Check if swap backing store is full
#   Use 64 bit Java on a 64 bit OS
#   Decrease Java heap size (-Xmx/-Xms)
#   Decrease number of Java threads
#   Decrease Java thread stack sizes (-Xss)
#   Set larger code cache with -XX:ReservedCodeCacheSize=
# This output file may be truncated or incomplete.
#
#  Out of Memory Error (os_linux.cpp:2716), pid=7777, tid=139718213228288
#
# JRE version:  (8.0_11-b12) (build )
# Java VM: Java HotSpot(TM) 64-Bit Server VM (25.11-b03 mixed mode linux-amd64 compressed oops)
# Failed to write core dump. Core dumps have been disabled. To enable core dumping, try "ulimit -c unlimited" before starting Java again
#

---------------  T H R E A D  ---------------

Current thread (0x00007f12a8009800):  JavaThread "Unknown thread" [_thread_in_vm, id=7778, stack(0x00007f12ae67d000,0x00007f12ae77e000)]

Stack: [0x00007f12ae67d000,0x00007f12ae77e000],  sp=0x00007f12ae77c470,  free space=1021k
Native frames: (J=compiled Java code, j=interpreted, Vv=VM code, C=native code)
V  [libjvm.so+0xa2f59a]  VMError::report_and_die()+0x2ca
V  [libjvm.so+0x4b2e4b]  report_vm_out_of_memory(char const*, int, unsigned long, VMErrorType, char const*)+0x8b
V  [libjvm.so+0x89e3b3]  os::Linux::commit_memory_impl(char*, unsigned long, bool)+0x103
V  [libjvm.so+0x89e909]  os::pd_commit_memory(char*, unsigned long, unsigned long, bool)+0x29
V  [libjvm.so+0x8985ba]  os::commit_memory(char*, unsigned long, unsigned long, bool)+0x2a
V  [libjvm.so+0xa2b519]  VirtualSpace::expand_by(unsigned long, bool)+0x1c9
V  [libjvm.so+0xa2c0ae]  VirtualSpace::initialize(ReservedSpace, unsigned long)+0xee
V  [libjvm.so+0x59716d]  Generation::Generation(ReservedSpace, unsigned long, int)+0xbd
V  [libjvm.so+0x4b7db6]  DefNewGeneration::DefNewGeneration(ReservedSpace, unsigned long, int, char const*)+0x46
V  [libjvm.so+0x598877]  GenerationSpec::init(ReservedSpace, int, GenRemSet*)+0x277
V  [libjvm.so+0x5874be]  GenCollectedHeap::initialize()+0x1ee
V  [libjvm.so+0x9fd733]  Universe::initialize_heap()+0xe3
V  [libjvm.so+0x9fdb74]  universe_init()+0x64
V  [libjvm.so+0x5d46d5]  init_globals()+0x65
V  [libjvm.so+0x9e445d]  Threads::create_vm(JavaVMInitArgs*, bool*)+0x24d
V  [libjvm.so+0x665b04]  JNI_CreateJavaVM+0x74
C  [libjli.so+0x703e]  JavaMain+0x9e


---------------  P R O C E S S  ---------------

Java Threads: ( => current thread )

Other Threads:

=>0x00007f12a8009800 (exited) JavaThread "Unknown thread" [_thread_in_vm, id=7778, stack(0x00007f12ae67d000,0x00007f12ae77e000)]

VM state:not at safepoint (not fully initialized)

VM Mutex/Monitor currently owned by a thread: None

GC Heap History (0 events):
No events

Deoptimization events (0 events):
No events

Internal exceptions (0 events):
No events

Events (0 events):
No events


Dynamic libraries:
00400000-00401000 r-xp 00000000 08:01 265253                             /usr/lib/jvm/java-8-oracle/jre/bin/java
00600000-00601000 rw-p 00000000 08:01 265253                             /usr/lib/jvm/java-8-oracle/jre/bin/java
01969000-0198a000 rw-p 00000000 00:00 0                                  [heap]
d5550000-100000000 ---p 00000000 00:00 0 
7f129f230000-7f129f3b1000 rw-p 00000000 00:00 0 
7f129f3b1000-7f129f5b1000 ---p 00000000 00:00 0 
7f129f5b1000-7f129f5bc000 rw-p 00000000 00:00 0 
7f129f5bc000-7f129f7b2000 ---p 00000000 00:00 0 
7f129f7b2000-7f129fa22000 rwxp 00000000 00:00 0 
7f129fa22000-7f12a77b2000 ---p 00000000 00:00 0 
7f12a77b2000-7f12a77ce000 r-xp 00000000 08:01 265531                     /usr/lib/jvm/java-8-oracle/jre/lib/amd64/libzip.so
7f12a77ce000-7f12a79cd000 ---p 0001c000 08:01 265531                     /usr/lib/jvm/java-8-oracle/jre/lib/amd64/libzip.so
7f12a79cd000-7f12a79ce000 rw-p 0001b000 08:01 265531                     /usr/lib/jvm/java-8-oracle/jre/lib/amd64/libzip.so
7f12a79ce000-7f12a79d9000 r-xp 00000000 08:01 2743                       /lib/x86_64-linux-gnu/libnss_files-2.19.so
7f12a79d9000-7f12a7bd8000 ---p 0000b000 08:01 2743                       /lib/x86_64-linux-gnu/libnss_files-2.19.so
7f12a7bd8000-7f12a7bd9000 r--p 0000a000 08:01 2743                       /lib/x86_64-linux-gnu/libnss_files-2.19.so
7f12a7bd9000-7f12a7bda000 rw-p 0000b000 08:01 2743                       /lib/x86_64-linux-gnu/libnss_files-2.19.so
7f12a7bda000-7f12a7be5000 r-xp 00000000 08:01 2878                       /lib/x86_64-linux-gnu/libnss_nis-2.19.so
7f12a7be5000-7f12a7de4000 ---p 0000b000 08:01 2878                       /lib/x86_64-linux-gnu/libnss_nis-2.19.so
7f12a7de4000-7f12a7de5000 r--p 0000a000 08:01 2878                       /lib/x86_64-linux-gnu/libnss_nis-2.19.so
7f12a7de5000-7f12a7de6000 rw-p 0000b000 08:01 2878                       /lib/x86_64-linux-gnu/libnss_nis-2.19.so
7f12a7de6000-7f12a7dfd000 r-xp 00000000 08:01 2752                       /lib/x86_64-linux-gnu/libnsl-2.19.so
7f12a7dfd000-7f12a7ffc000 ---p 00017000 08:01 2752                       /lib/x86_64-linux-gnu/libnsl-2.19.so
7f12a7ffc000-7f12a7ffd000 r--p 00016000 08:01 2752                       /lib/x86_64-linux-gnu/libnsl-2.19.so
7f12a7ffd000-7f12a7ffe000 rw-p 00017000 08:01 2752                       /lib/x86_64-linux-gnu/libnsl-2.19.so
7f12a7ffe000-7f12a8000000 rw-p 00000000 00:00 0 
7f12a8000000-7f12a8025000 rw-p 00000000 00:00 0 
7f12a8025000-7f12ac000000 ---p 00000000 00:00 0 
7f12ac0f3000-7f12ac0fc000 r-xp 00000000 08:01 2847                       /lib/x86_64-linux-gnu/libnss_compat-2.19.so
7f12ac0fc000-7f12ac2fb000 ---p 00009000 08:01 2847                       /lib/x86_64-linux-gnu/libnss_compat-2.19.so
7f12ac2fb000-7f12ac2fc000 r--p 00008000 08:01 2847                       /lib/x86_64-linux-gnu/libnss_compat-2.19.so
7f12ac2fc000-7f12ac2fd000 rw-p 00009000 08:01 2847                       /lib/x86_64-linux-gnu/libnss_compat-2.19.so
7f12ac2fd000-7f12ac327000 r-xp 00000000 08:01 265551                     /usr/lib/jvm/java-8-oracle/jre/lib/amd64/libjava.so
7f12ac327000-7f12ac527000 ---p 0002a000 08:01 265551                     /usr/lib/jvm/java-8-oracle/jre/lib/amd64/libjava.so
7f12ac527000-7f12ac529000 rw-p 0002a000 08:01 265551                     /usr/lib/jvm/java-8-oracle/jre/lib/amd64/libjava.so
7f12ac529000-7f12ac536000 r-xp 00000000 08:01 265550                     /usr/lib/jvm/java-8-oracle/jre/lib/amd64/libverify.so
7f12ac536000-7f12ac736000 ---p 0000d000 08:01 265550                     /usr/lib/jvm/java-8-oracle/jre/lib/amd64/libverify.so
7f12ac736000-7f12ac738000 rw-p 0000d000 08:01 265550                     /usr/lib/jvm/java-8-oracle/jre/lib/amd64/libverify.so
7f12ac738000-7f12ac73f000 r-xp 00000000 08:01 2868                       /lib/x86_64-linux-gnu/librt-2.19.so
7f12ac73f000-7f12ac93e000 ---p 00007000 08:01 2868                       /lib/x86_64-linux-gnu/librt-2.19.so
7f12ac93e000-7f12ac93f000 r--p 00006000 08:01 2868                       /lib/x86_64-linux-gnu/librt-2.19.so
7f12ac93f000-7f12ac940000 rw-p 00007000 08:01 2868                       /lib/x86_64-linux-gnu/librt-2.19.so
7f12ac940000-7f12aca45000 r-xp 00000000 08:01 2851                       /lib/x86_64-linux-gnu/libm-2.19.so
7f12aca45000-7f12acc44000 ---p 00105000 08:01 2851                       /lib/x86_64-linux-gnu/libm-2.19.so
7f12acc44000-7f12acc45000 r--p 00104000 08:01 2851                       /lib/x86_64-linux-gnu/libm-2.19.so
7f12acc45000-7f12acc46000 rw-p 00105000 08:01 2851                       /lib/x86_64-linux-gnu/libm-2.19.so
7f12acc46000-7f12ad860000 r-xp 00000000 08:01 265562                     /usr/lib/jvm/java-8-oracle/jre/lib/amd64/server/libjvm.so
7f12ad860000-7f12ada60000 ---p 00c1a000 08:01 265562                     /usr/lib/jvm/java-8-oracle/jre/lib/amd64/server/libjvm.so
7f12ada60000-7f12adb29000 rw-p 00c1a000 08:01 265562                     /usr/lib/jvm/java-8-oracle/jre/lib/amd64/server/libjvm.so
7f12adb29000-7f12adb6a000 rw-p 00000000 00:00 0 
7f12adb6a000-7f12add26000 r-xp 00000000 08:01 2820                       /lib/x86_64-linux-gnu/libc-2.19.so
7f12add26000-7f12adf25000 ---p 001bc000 08:01 2820                       /lib/x86_64-linux-gnu/libc-2.19.so
7f12adf25000-7f12adf29000 r--p 001bb000 08:01 2820                       /lib/x86_64-linux-gnu/libc-2.19.so
7f12adf29000-7f12adf2b000 rw-p 001bf000 08:01 2820                       /lib/x86_64-linux-gnu/libc-2.19.so
7f12adf2b000-7f12adf30000 rw-p 00000000 00:00 0 
7f12adf30000-7f12adf33000 r-xp 00000000 08:01 2740                       /lib/x86_64-linux-gnu/libdl-2.19.so
7f12adf33000-7f12ae132000 ---p 00003000 08:01 2740                       /lib/x86_64-linux-gnu/libdl-2.19.so
7f12ae132000-7f12ae133000 r--p 00002000 08:01 2740                       /lib/x86_64-linux-gnu/libdl-2.19.so
7f12ae133000-7f12ae134000 rw-p 00003000 08:01 2740                       /lib/x86_64-linux-gnu/libdl-2.19.so
7f12ae134000-7f12ae14b000 r-xp 00000000 08:01 265566                     /usr/lib/jvm/java-8-oracle/jre/lib/amd64/jli/libjli.so
7f12ae14b000-7f12ae34a000 ---p 00017000 08:01 265566                     /usr/lib/jvm/java-8-oracle/jre/lib/amd64/jli/libjli.so
7f12ae34a000-7f12ae34b000 rw-p 00016000 08:01 265566                     /usr/lib/jvm/java-8-oracle/jre/lib/amd64/jli/libjli.so
7f12ae34b000-7f12ae364000 r-xp 00000000 08:01 2794                       /lib/x86_64-linux-gnu/libpthread-2.19.so
7f12ae364000-7f12ae563000 ---p 00019000 08:01 2794                       /lib/x86_64-linux-gnu/libpthread-2.19.so
7f12ae563000-7f12ae564000 r--p 00018000 08:01 2794                       /lib/x86_64-linux-gnu/libpthread-2.19.so
7f12ae564000-7f12ae565000 rw-p 00019000 08:01 2794                       /lib/x86_64-linux-gnu/libpthread-2.19.so
7f12ae565000-7f12ae569000 rw-p 00000000 00:00 0 
7f12ae569000-7f12ae58c000 r-xp 00000000 08:01 2856                       /lib/x86_64-linux-gnu/ld-2.19.so
7f12ae58e000-7f12ae675000 rw-p 00000000 00:00 0 
7f12ae675000-7f12ae67d000 rw-s 00000000 08:01 140958                     /tmp/hsperfdata_vagrant/7777
7f12ae67d000-7f12ae680000 ---p 00000000 00:00 0 
7f12ae680000-7f12ae782000 rw-p 00000000 00:00 0                          [stack:7778]
7f12ae785000-7f12ae788000 rw-p 00000000 00:00 0 
7f12ae788000-7f12ae789000 r--p 00000000 00:00 0 
7f12ae789000-7f12ae78b000 rw-p 00000000 00:00 0 
7f12ae78b000-7f12ae78c000 r--p 00022000 08:01 2856                       /lib/x86_64-linux-gnu/ld-2.19.so
7f12ae78c000-7f12ae78d000 rw-p 00023000 08:01 2856                       /lib/x86_64-linux-gnu/ld-2.19.so
7f12ae78d000-7f12ae78e000 rw-p 00000000 00:00 0 
7fff1c7d0000-7fff1c7f1000 rw-p 00000000 00:00 0                          [stack]
7fff1c7fe000-7fff1c800000 r-xp 00000000 00:00 0                          [vdso]
ffffffffff600000-ffffffffff601000 r-xp 00000000 00:00 0                  [vsyscall]

VM Arguments:
jvm_args: -Xms1024m -Xmx1024m -XX:ReservedCodeCacheSize=128m 
java_command: /home/vagrant/bin/bin/sbt-launch.jar run
java_class_path (initial): /home/vagrant/bin/bin/sbt-launch.jar
Launcher Type: SUN_STANDARD

Environment Variables:
PATH=/home/vagrant/bin/bin:/usr/local/Cellar/git/2.0.0/bin:codebase/scala:/usr/local/Cellar/coreutils/8.22/libexec/gnubin:/Users/wuhx/bin:/Users/wuhx/vhome/codebase/activator-1.2.2:/usr/local/Cellar/coreutils/8.22/libexec/gnubin:/Users/wuhx/bin:/Library/Frameworks/Python.framework/Versions/3.4/bin:/usr/bin:/bin:/usr/sbin:/sbin:/usr/local/bin:/opt/X11/bin
SHELL=/bin/zsh

Signal Handlers:
SIGSEGV: [libjvm.so+0xa2fde0], sa_mask[0]=0x7ffbfeff, sa_flags=0x10000004
SIGBUS: [libjvm.so+0xa2fde0], sa_mask[0]=0x7ffbfeff, sa_flags=0x10000004
SIGFPE: [libjvm.so+0x89b420], sa_mask[0]=0x7ffbfeff, sa_flags=0x10000004
SIGPIPE: [libjvm.so+0x89b420], sa_mask[0]=0x7ffbfeff, sa_flags=0x10000004
SIGXFSZ: [libjvm.so+0x89b420], sa_mask[0]=0x7ffbfeff, sa_flags=0x10000004
SIGILL: [libjvm.so+0x89b420], sa_mask[0]=0x7ffbfeff, sa_flags=0x10000004
SIGUSR1: SIG_DFL, sa_mask[0]=0x00000000, sa_flags=0x00000000
SIGUSR2: [libjvm.so+0x89cbc0], sa_mask[0]=0x00000000, sa_flags=0x10000004
SIGHUP: SIG_DFL, sa_mask[0]=0x00000000, sa_flags=0x00000000
SIGINT: SIG_DFL, sa_mask[0]=0x00000000, sa_flags=0x00000000
SIGTERM: SIG_DFL, sa_mask[0]=0x00000000, sa_flags=0x00000000
SIGQUIT: SIG_DFL, sa_mask[0]=0x00000000, sa_flags=0x00000000


---------------  S Y S T E M  ---------------

OS:DISTRIB_ID=Ubuntu
DISTRIB_RELEASE=14.04
DISTRIB_CODENAME=trusty
DISTRIB_DESCRIPTION="Ubuntu 14.04 LTS"

uname:Linux 3.13.0-27-generic #50-Ubuntu SMP Thu May 15 18:06:16 UTC 2014 x86_64
libc:glibc 2.19 NPTL 2.19 
rlimit: STACK 8192k, CORE 0k, NPROC 3842, NOFILE 4096, AS infinity
load average:0.01 0.04 0.05

/proc/meminfo:
MemTotal:         501804 kB
MemFree:           10204 kB
Buffers:           12500 kB
Cached:           311196 kB
SwapCached:            0 kB
Active:           353764 kB
Inactive:          95476 kB
Active(anon):     125644 kB
Inactive(anon):      564 kB
Active(file):     228120 kB
Inactive(file):    94912 kB
Unevictable:           0 kB
Mlocked:               0 kB
SwapTotal:             0 kB
SwapFree:              0 kB
Dirty:              4664 kB
Writeback:             0 kB
AnonPages:        125560 kB
Mapped:            40876 kB
Shmem:               648 kB
Slab:              30232 kB
SReclaimable:      22484 kB
SUnreclaim:         7748 kB
KernelStack:         776 kB
PageTables:         3364 kB
NFS_Unstable:          0 kB
Bounce:                0 kB
WritebackTmp:          0 kB
CommitLimit:      250900 kB
Committed_AS:     210500 kB
VmallocTotal:   34359738367 kB
VmallocUsed:       17704 kB
VmallocChunk:   34359717367 kB
HardwareCorrupted:     0 kB
AnonHugePages:         0 kB
HugePages_Total:       0
HugePages_Free:        0
HugePages_Rsvd:        0
HugePages_Surp:        0
Hugepagesize:       2048 kB
DirectMap4k:       34752 kB
DirectMap2M:      489472 kB


CPU:total 1 (1 cores per cpu, 1 threads per core) family 6 model 37 stepping 5, cmov, cx8, fxsr, mmx, sse, sse2, sse3, ssse3, tsc

/proc/cpuinfo:
processor	: 0
vendor_id	: GenuineIntel
cpu family	: 6
model		: 37
model name	: Intel(R) Core(TM) i3 CPU         550  @ 3.20GHz
stepping	: 5
microcode	: 0x616
cpu MHz		: 3140.499
cache size	: 6144 KB
physical id	: 0
siblings	: 1
core id		: 0
cpu cores	: 1
apicid		: 0
initial apicid	: 0
fpu		: yes
fpu_exception	: yes
cpuid level	: 5
wp		: yes
flags		: fpu vme de pse tsc msr pae mce cx8 apic sep mtrr pge mca cmov pat pse36 clflush mmx fxsr sse sse2 syscall nx rdtscp lm constant_tsc rep_good nopl pni monitor ssse3 lahf_lm
bogomips	: 6280.99
clflush size	: 64
cache_alignment	: 64
address sizes	: 36 bits physical, 48 bits virtual
power management:



Memory: 4k page, physical 501804k(10236k free), swap 0k(0k free)

vm_info: Java HotSpot(TM) 64-Bit Server VM (25.11-b03) for linux-amd64 JRE (1.8.0_11-b12), built on Jun 16 2014 17:29:59 by "java_re" with gcc 4.3.0 20080428 (Red Hat 4.3.0-8)

time: Fri Aug  8 14:48:01 2014
elapsed time: 0 seconds

